<?xml version="1.0" encoding="UTF-8"?>
<testsuites>
  <testsuite name="" tests="166" assertions="438" errors="0" warnings="0" failures="0" skipped="0" time="3.537036">
    <testsuite name="Project Test Suite" tests="166" assertions="438" errors="0" warnings="0" failures="0" skipped="0" time="3.537036">
      <testsuite name="App\Tests\Controller\Kassabok\FinancialReportsControllerTest" file="/opt/me/report/tests/Controller/Kassabok/FinancialReportsControllerTest.php" tests="6" assertions="6" errors="0" warnings="0" failures="0" skipped="0" time="0.913404">
        <testcase name="testIncomeStatementRequiresAuth" class="App\Tests\Controller\Kassabok\FinancialReportsControllerTest" classname="App.Tests.Controller.Kassabok.FinancialReportsControllerTest" file="/opt/me/report/tests/Controller/Kassabok/FinancialReportsControllerTest.php" line="7" assertions="1" time="0.405699"/>
        <testcase name="testBalanceSheetRequiresAuth" class="App\Tests\Controller\Kassabok\FinancialReportsControllerTest" classname="App.Tests.Controller.Kassabok.FinancialReportsControllerTest" file="/opt/me/report/tests/Controller/Kassabok/FinancialReportsControllerTest.php" line="20" assertions="1" time="0.021335"/>
        <testcase name="testIncomeStatementLoads" class="App\Tests\Controller\Kassabok\FinancialReportsControllerTest" classname="App.Tests.Controller.Kassabok.FinancialReportsControllerTest" file="/opt/me/report/tests/Controller/Kassabok/FinancialReportsControllerTest.php" line="35" assertions="1" time="0.043465"/>
        <testcase name="testBalanceSheetLoads" class="App\Tests\Controller\Kassabok\FinancialReportsControllerTest" classname="App.Tests.Controller.Kassabok.FinancialReportsControllerTest" file="/opt/me/report/tests/Controller/Kassabok/FinancialReportsControllerTest.php" line="52" assertions="1" time="0.038784"/>
        <testsuite name="App\Tests\Controller\Kassabok\FinancialReportsControllerTest::testReportRoutesWithInvalidIds" tests="2" assertions="2" errors="0" warnings="0" failures="0" skipped="0" time="0.404121">
          <testcase name="testReportRoutesWithInvalidIds with data set &quot;income statement&quot;" class="App\Tests\Controller\Kassabok\FinancialReportsControllerTest" classname="App.Tests.Controller.Kassabok.FinancialReportsControllerTest" file="/opt/me/report/tests/Controller/Kassabok/FinancialReportsControllerTest.php" line="72" assertions="1" time="0.209079"/>
          <testcase name="testReportRoutesWithInvalidIds with data set &quot;balance sheet&quot;" class="App\Tests\Controller\Kassabok\FinancialReportsControllerTest" classname="App.Tests.Controller.Kassabok.FinancialReportsControllerTest" file="/opt/me/report/tests/Controller/Kassabok/FinancialReportsControllerTest.php" line="72" assertions="1" time="0.195042"/>
        </testsuite>
      </testsuite>
      <testsuite name="App\Tests\Controller\Kassabok\JournalAccountLedgerControllerTest" file="/opt/me/report/tests/Controller/Kassabok/JournalAccountLedgerControllerTest.php" tests="4" assertions="6" errors="0" warnings="0" failures="0" skipped="0" time="0.280410">
        <testcase name="testRequiresAuthentication" class="App\Tests\Controller\Kassabok\JournalAccountLedgerControllerTest" classname="App.Tests.Controller.Kassabok.JournalAccountLedgerControllerTest" file="/opt/me/report/tests/Controller/Kassabok/JournalAccountLedgerControllerTest.php" line="7" assertions="1" time="0.023325"/>
        <testcase name="testAccountLedgerPageLoads" class="App\Tests\Controller\Kassabok\JournalAccountLedgerControllerTest" classname="App.Tests.Controller.Kassabok.JournalAccountLedgerControllerTest" file="/opt/me/report/tests/Controller/Kassabok/JournalAccountLedgerControllerTest.php" line="20" assertions="2" time="0.038809"/>
        <testcase name="testAccountLedgerDisplaysData" class="App\Tests\Controller\Kassabok\JournalAccountLedgerControllerTest" classname="App.Tests.Controller.Kassabok.JournalAccountLedgerControllerTest" file="/opt/me/report/tests/Controller/Kassabok/JournalAccountLedgerControllerTest.php" line="38" assertions="2" time="0.030089"/>
        <testcase name="testWrongOrganizationId" class="App\Tests\Controller\Kassabok\JournalAccountLedgerControllerTest" classname="App.Tests.Controller.Kassabok.JournalAccountLedgerControllerTest" file="/opt/me/report/tests/Controller/Kassabok/JournalAccountLedgerControllerTest.php" line="56" assertions="1" time="0.188187"/>
      </testsuite>
      <testsuite name="App\Tests\Controller\Kassabok\JournalControllerTest" file="/opt/me/report/tests/Controller/Kassabok/JournalControllerTest.php" tests="8" assertions="17" errors="0" warnings="0" failures="0" skipped="0" time="1.036081">
        <testsuite name="App\Tests\Controller\Kassabok\JournalControllerTest::testProtectedPagesRequireAuth" tests="3" assertions="6" errors="0" warnings="0" failures="0" skipped="0" time="0.106084">
          <testcase name="testProtectedPagesRequireAuth with data set &quot;add-entry&quot;" class="App\Tests\Controller\Kassabok\JournalControllerTest" classname="App.Tests.Controller.Kassabok.JournalControllerTest" file="/opt/me/report/tests/Controller/Kassabok/JournalControllerTest.php" line="12" assertions="2" time="0.039968"/>
          <testcase name="testProtectedPagesRequireAuth with data set &quot;year-end-closure&quot;" class="App\Tests\Controller\Kassabok\JournalControllerTest" classname="App.Tests.Controller.Kassabok.JournalControllerTest" file="/opt/me/report/tests/Controller/Kassabok/JournalControllerTest.php" line="12" assertions="2" time="0.032632"/>
          <testcase name="testProtectedPagesRequireAuth with data set &quot;results-page&quot;" class="App\Tests\Controller\Kassabok\JournalControllerTest" classname="App.Tests.Controller.Kassabok.JournalControllerTest" file="/opt/me/report/tests/Controller/Kassabok/JournalControllerTest.php" line="12" assertions="2" time="0.033483"/>
        </testsuite>
        <testsuite name="App\Tests\Controller\Kassabok\JournalControllerTest::testAuthenticatedPagesShowContent" tests="2" assertions="6" errors="0" warnings="0" failures="0" skipped="0" time="0.187680">
          <testcase name="testAuthenticatedPagesShowContent with data set &quot;add-entry form&quot;" class="App\Tests\Controller\Kassabok\JournalControllerTest" classname="App.Tests.Controller.Kassabok.JournalControllerTest" file="/opt/me/report/tests/Controller/Kassabok/JournalControllerTest.php" line="26" assertions="3" time="0.139764"/>
          <testcase name="testAuthenticatedPagesShowContent with data set &quot;year-end heading&quot;" class="App\Tests\Controller\Kassabok\JournalControllerTest" classname="App.Tests.Controller.Kassabok.JournalControllerTest" file="/opt/me/report/tests/Controller/Kassabok/JournalControllerTest.php" line="26" assertions="3" time="0.047916"/>
        </testsuite>
        <testcase name="testUserCanPerformYearEndClosure" class="App\Tests\Controller\Kassabok\JournalControllerTest" classname="App.Tests.Controller.Kassabok.JournalControllerTest" file="/opt/me/report/tests/Controller/Kassabok/JournalControllerTest.php" line="64" assertions="2" time="0.163142"/>
        <testcase name="testJournalEntryFormSubmissionRedirects" class="App\Tests\Controller\Kassabok\JournalControllerTest" classname="App.Tests.Controller.Kassabok.JournalControllerTest" file="/opt/me/report/tests/Controller/Kassabok/JournalControllerTest.php" line="77" assertions="2" time="0.183024"/>
        <testcase name="testUserCannotAccessOtherUsersJournal" class="App\Tests\Controller\Kassabok\JournalControllerTest" classname="App.Tests.Controller.Kassabok.JournalControllerTest" file="/opt/me/report/tests/Controller/Kassabok/JournalControllerTest.php" line="114" assertions="1" time="0.396152"/>
      </testsuite>
      <testsuite name="App\Tests\Controller\Kassabok\JournalsControllerTest" file="/opt/me/report/tests/Controller/Kassabok/JournalsControllerTest.php" tests="2" assertions="6" errors="0" warnings="0" failures="0" skipped="0" time="0.150858">
        <testcase name="testJournalPageLoads" class="App\Tests\Controller\Kassabok\JournalsControllerTest" classname="App.Tests.Controller.Kassabok.JournalsControllerTest" file="/opt/me/report/tests/Controller/Kassabok/JournalsControllerTest.php" line="9" assertions="2" time="0.043334"/>
        <testcase name="testSuccessfulJournalCreation" class="App\Tests\Controller\Kassabok\JournalsControllerTest" classname="App.Tests.Controller.Kassabok.JournalsControllerTest" file="/opt/me/report/tests/Controller/Kassabok/JournalsControllerTest.php" line="21" assertions="4" time="0.107524"/>
      </testsuite>
      <testsuite name="App\Tests\Controller\Kassabok\OrganizationControllerTest" file="/opt/me/report/tests/Controller/Kassabok/OrganizationControllerTest.php" tests="2" assertions="5" errors="0" warnings="0" failures="0" skipped="0" time="0.139379">
        <testcase name="testOrganizationPageLoads" class="App\Tests\Controller\Kassabok\OrganizationControllerTest" classname="App.Tests.Controller.Kassabok.OrganizationControllerTest" file="/opt/me/report/tests/Controller/Kassabok/OrganizationControllerTest.php" line="9" assertions="2" time="0.034762"/>
        <testcase name="testSuccessfulOrganizationCreation" class="App\Tests\Controller\Kassabok\OrganizationControllerTest" classname="App.Tests.Controller.Kassabok.OrganizationControllerTest" file="/opt/me/report/tests/Controller/Kassabok/OrganizationControllerTest.php" line="20" assertions="3" time="0.104617"/>
      </testsuite>
      <testsuite name="App\Tests\Controller\Kassabok\RegistrationControllerTest" file="/opt/me/report/tests/Controller/Kassabok/RegistrationControllerTest.php" tests="2" assertions="6" errors="0" warnings="0" failures="0" skipped="0" time="0.137225">
        <testcase name="testRegistrationPageLoads" class="App\Tests\Controller\Kassabok\RegistrationControllerTest" classname="App.Tests.Controller.Kassabok.RegistrationControllerTest" file="/opt/me/report/tests/Controller/Kassabok/RegistrationControllerTest.php" line="9" assertions="2" time="0.037724"/>
        <testcase name="testSuccessfulRegistration" class="App\Tests\Controller\Kassabok\RegistrationControllerTest" classname="App.Tests.Controller.Kassabok.RegistrationControllerTest" file="/opt/me/report/tests/Controller/Kassabok/RegistrationControllerTest.php" line="17" assertions="4" time="0.099501"/>
      </testsuite>
      <testsuite name="App\Tests\Controller\Kassabok\RoutesTest" file="/opt/me/report/tests/Controller/Kassabok/RoutesTest.php" tests="8" assertions="8" errors="0" warnings="0" failures="0" skipped="0" time="0.207764">
        <testsuite name="App\Tests\Controller\Kassabok\RoutesTest::testPublicPages" tests="5" assertions="5" errors="0" warnings="0" failures="0" skipped="0" time="0.130387">
          <testcase name="testPublicPages with data set #0" class="App\Tests\Controller\Kassabok\RoutesTest" classname="App.Tests.Controller.Kassabok.RoutesTest" file="/opt/me/report/tests/Controller/Kassabok/RoutesTest.php" line="10" assertions="1" time="0.024952"/>
          <testcase name="testPublicPages with data set #1" class="App\Tests\Controller\Kassabok\RoutesTest" classname="App.Tests.Controller.Kassabok.RoutesTest" file="/opt/me/report/tests/Controller/Kassabok/RoutesTest.php" line="10" assertions="1" time="0.023565"/>
          <testcase name="testPublicPages with data set #2" class="App\Tests\Controller\Kassabok\RoutesTest" classname="App.Tests.Controller.Kassabok.RoutesTest" file="/opt/me/report/tests/Controller/Kassabok/RoutesTest.php" line="10" assertions="1" time="0.033855"/>
          <testcase name="testPublicPages with data set #3" class="App\Tests\Controller\Kassabok\RoutesTest" classname="App.Tests.Controller.Kassabok.RoutesTest" file="/opt/me/report/tests/Controller/Kassabok/RoutesTest.php" line="10" assertions="1" time="0.024082"/>
          <testcase name="testPublicPages with data set #4" class="App\Tests\Controller\Kassabok\RoutesTest" classname="App.Tests.Controller.Kassabok.RoutesTest" file="/opt/me/report/tests/Controller/Kassabok/RoutesTest.php" line="10" assertions="1" time="0.023934"/>
        </testsuite>
        <testsuite name="App\Tests\Controller\Kassabok\RoutesTest::testProtectedPagesRedirect" tests="2" assertions="2" errors="0" warnings="0" failures="0" skipped="0" time="0.032910">
          <testcase name="testProtectedPagesRedirect with data set #0" class="App\Tests\Controller\Kassabok\RoutesTest" classname="App.Tests.Controller.Kassabok.RoutesTest" file="/opt/me/report/tests/Controller/Kassabok/RoutesTest.php" line="33" assertions="1" time="0.015318"/>
          <testcase name="testProtectedPagesRedirect with data set #1" class="App\Tests\Controller\Kassabok\RoutesTest" classname="App.Tests.Controller.Kassabok.RoutesTest" file="/opt/me/report/tests/Controller/Kassabok/RoutesTest.php" line="33" assertions="1" time="0.017592"/>
        </testsuite>
        <testcase name="testOrganizationPageWorksWhenLoggedIn" class="App\Tests\Controller\Kassabok\RoutesTest" classname="App.Tests.Controller.Kassabok.RoutesTest" file="/opt/me/report/tests/Controller/Kassabok/RoutesTest.php" line="50" assertions="1" time="0.044466"/>
      </testsuite>
      <testsuite name="App\Tests\Controller\Kassabok\StartControllerTest" file="/opt/me/report/tests/Controller/StartControllerTest.php" tests="2" assertions="2" errors="0" warnings="0" failures="0" skipped="0" time="0.040575">
        <testcase name="testStartPageLoads" class="App\Tests\Controller\Kassabok\StartControllerTest" classname="App.Tests.Controller.Kassabok.StartControllerTest" file="/opt/me/report/tests/Controller/StartControllerTest.php" line="7" assertions="1" time="0.024737"/>
        <testcase name="testJournalsRequireLogin" class="App\Tests\Controller\Kassabok\StartControllerTest" classname="App.Tests.Controller.Kassabok.StartControllerTest" file="/opt/me/report/tests/Controller/StartControllerTest.php" line="14" assertions="1" time="0.015838"/>
      </testsuite>
      <testsuite name="App\Dice\DiceTest" file="/opt/me/report/tests/Dice/DiceTest.php" tests="1" assertions="2" errors="0" warnings="0" failures="0" skipped="0" time="0.001326">
        <testcase name="testCreateDice" class="App\Dice\DiceTest" classname="App.Dice.DiceTest" file="/opt/me/report/tests/Dice/DiceTest.php" line="16" assertions="2" time="0.001326"/>
      </testsuite>
      <testsuite name="App\Tests\Entity\AccountTest" file="/opt/me/report/tests/Entity/AccountTest.php" tests="4" assertions="16" errors="0" warnings="0" failures="0" skipped="0" time="0.013012">
        <testcase name="testBasicGettersAndSetters" class="App\Tests\Entity\AccountTest" classname="App.Tests.Entity.AccountTest" file="/opt/me/report/tests/Entity/AccountTest.php" line="11" assertions="13" time="0.001783"/>
        <testcase name="testGetIdReturnsNullBeforePersistence" class="App\Tests\Entity\AccountTest" classname="App.Tests.Entity.AccountTest" file="/opt/me/report/tests/Entity/AccountTest.php" line="42" assertions="1" time="0.000319"/>
        <testcase name="testChartOfAccountsRelationship" class="App\Tests\Entity\AccountTest" classname="App.Tests.Entity.AccountTest" file="/opt/me/report/tests/Entity/AccountTest.php" line="48" assertions="1" time="0.010536"/>
        <testcase name="testSetTypeWithInvalidTypeThrowsException" class="App\Tests\Entity\AccountTest" classname="App.Tests.Entity.AccountTest" file="/opt/me/report/tests/Entity/AccountTest.php" line="59" assertions="1" time="0.000373"/>
      </testsuite>
      <testsuite name="App\Tests\Entity\ChartOfAccountsTest" file="/opt/me/report/tests/Entity/ChartOfAccountsTest.php" tests="13" assertions="27" errors="0" warnings="0" failures="0" skipped="0" time="0.015187">
        <testcase name="testBasicGettersAndSetters" class="App\Tests\Entity\ChartOfAccountsTest" classname="App.Tests.Entity.ChartOfAccountsTest" file="/opt/me/report/tests/Entity/ChartOfAccountsTest.php" line="16" assertions="3" time="0.000375"/>
        <testcase name="testGetIdReturnsNullBeforePersistence" class="App\Tests\Entity\ChartOfAccountsTest" classname="App.Tests.Entity.ChartOfAccountsTest" file="/opt/me/report/tests/Entity/ChartOfAccountsTest.php" line="29" assertions="1" time="0.000321"/>
        <testcase name="testConstructorInitializesCollectionsAndCreatedAt" class="App\Tests\Entity\ChartOfAccountsTest" classname="App.Tests.Entity.ChartOfAccountsTest" file="/opt/me/report/tests/Entity/ChartOfAccountsTest.php" line="35" assertions="4" time="0.000935"/>
        <testcase name="testOrganizationRelationship" class="App\Tests\Entity\ChartOfAccountsTest" classname="App.Tests.Entity.ChartOfAccountsTest" file="/opt/me/report/tests/Entity/ChartOfAccountsTest.php" line="45" assertions="1" time="0.001517"/>
        <testcase name="testBasedOnRelationship" class="App\Tests\Entity\ChartOfAccountsTest" classname="App.Tests.Entity.ChartOfAccountsTest" file="/opt/me/report/tests/Entity/ChartOfAccountsTest.php" line="55" assertions="1" time="0.000340"/>
        <testcase name="testAddAccount" class="App\Tests\Entity\ChartOfAccountsTest" classname="App.Tests.Entity.ChartOfAccountsTest" file="/opt/me/report/tests/Entity/ChartOfAccountsTest.php" line="65" assertions="3" time="0.000350"/>
        <testcase name="testRemoveAccount" class="App\Tests\Entity\ChartOfAccountsTest" classname="App.Tests.Entity.ChartOfAccountsTest" file="/opt/me/report/tests/Entity/ChartOfAccountsTest.php" line="77" assertions="3" time="0.000358"/>
        <testcase name="testAddJournal" class="App\Tests\Entity\ChartOfAccountsTest" classname="App.Tests.Entity.ChartOfAccountsTest" file="/opt/me/report/tests/Entity/ChartOfAccountsTest.php" line="91" assertions="3" time="0.007086"/>
        <testcase name="testAddJournalDoesNotDuplicateExistingJournal" class="App\Tests\Entity\ChartOfAccountsTest" classname="App.Tests.Entity.ChartOfAccountsTest" file="/opt/me/report/tests/Entity/ChartOfAccountsTest.php" line="106" assertions="2" time="0.000624"/>
        <testcase name="testRemoveJournal" class="App\Tests\Entity\ChartOfAccountsTest" classname="App.Tests.Entity.ChartOfAccountsTest" file="/opt/me/report/tests/Entity/ChartOfAccountsTest.php" line="121" assertions="2" time="0.002028"/>
        <testcase name="testToStringForStandardChart" class="App\Tests\Entity\ChartOfAccountsTest" classname="App.Tests.Entity.ChartOfAccountsTest" file="/opt/me/report/tests/Entity/ChartOfAccountsTest.php" line="137" assertions="1" time="0.000358"/>
        <testcase name="testGetDisplayNameWithoutOrganization" class="App\Tests\Entity\ChartOfAccountsTest" classname="App.Tests.Entity.ChartOfAccountsTest" file="/opt/me/report/tests/Entity/ChartOfAccountsTest.php" line="146" assertions="1" time="0.000314"/>
        <testcase name="testGetDisplayNameWithOrganization" class="App\Tests\Entity\ChartOfAccountsTest" classname="App.Tests.Entity.ChartOfAccountsTest" file="/opt/me/report/tests/Entity/ChartOfAccountsTest.php" line="154" assertions="2" time="0.000580"/>
      </testsuite>
      <testsuite name="App\Tests\Entity\CurrencyTest" file="/opt/me/report/tests/Entity/CurrencyTest.php" tests="2" assertions="5" errors="0" warnings="0" failures="0" skipped="0" time="0.001324">
        <testcase name="testBasicGettersAndSetters" class="App\Tests\Entity\CurrencyTest" classname="App.Tests.Entity.CurrencyTest" file="/opt/me/report/tests/Entity/CurrencyTest.php" line="10" assertions="4" time="0.000788"/>
        <testcase name="testGetIdReturnsNullBeforePersistence" class="App\Tests\Entity\CurrencyTest" classname="App.Tests.Entity.CurrencyTest" file="/opt/me/report/tests/Entity/CurrencyTest.php" line="25" assertions="1" time="0.000535"/>
      </testsuite>
      <testsuite name="App\Tests\Entity\JournalEntryTest" file="/opt/me/report/tests/Entity/JournalEntryTest.php" tests="5" assertions="12" errors="0" warnings="0" failures="0" skipped="0" time="0.004835">
        <testcase name="testConstructorInitializesCollections" class="App\Tests\Entity\JournalEntryTest" classname="App.Tests.Entity.JournalEntryTest" file="/opt/me/report/tests/Entity/JournalEntryTest.php" line="14" assertions="2" time="0.000355"/>
        <testcase name="testBasicGettersAndSetters" class="App\Tests\Entity\JournalEntryTest" classname="App.Tests.Entity.JournalEntryTest" file="/opt/me/report/tests/Entity/JournalEntryTest.php" line="22" assertions="3" time="0.000412"/>
        <testcase name="testSetJournal" class="App\Tests\Entity\JournalEntryTest" classname="App.Tests.Entity.JournalEntryTest" file="/opt/me/report/tests/Entity/JournalEntryTest.php" line="39" assertions="1" time="0.000484"/>
        <testcase name="testAddJournalLineItem" class="App\Tests\Entity\JournalEntryTest" classname="App.Tests.Entity.JournalEntryTest" file="/opt/me/report/tests/Entity/JournalEntryTest.php" line="49" assertions="1" time="0.002656"/>
        <testcase name="testAddJournalLineItems" class="App\Tests\Entity\JournalEntryTest" classname="App.Tests.Entity.JournalEntryTest" file="/opt/me/report/tests/Entity/JournalEntryTest.php" line="61" assertions="5" time="0.000927"/>
      </testsuite>
      <testsuite name="App\Tests\Entity\JournalLineItemTest" file="/opt/me/report/tests/Entity/JournalLineItemTest.php" tests="2" assertions="5" errors="0" warnings="0" failures="0" skipped="0" time="0.003727">
        <testcase name="testgetJournalEntry" class="App\Tests\Entity\JournalLineItemTest" classname="App.Tests.Entity.JournalLineItemTest" file="/opt/me/report/tests/Entity/JournalLineItemTest.php" line="12" assertions="1" time="0.001554"/>
        <testcase name="testBasicGettersAndSetters" class="App\Tests\Entity\JournalLineItemTest" classname="App.Tests.Entity.JournalLineItemTest" file="/opt/me/report/tests/Entity/JournalLineItemTest.php" line="21" assertions="4" time="0.002173"/>
      </testsuite>
      <testsuite name="App\Tests\Entity\JournalTest" file="/opt/me/report/tests/Entity/JournalTest.php" tests="6" assertions="14" errors="0" warnings="0" failures="0" skipped="0" time="0.002864">
        <testcase name="testConstructorInitializesCollections" class="App\Tests\Entity\JournalTest" classname="App.Tests.Entity.JournalTest" file="/opt/me/report/tests/Entity/JournalTest.php" line="14" assertions="2" time="0.000356"/>
        <testcase name="testBasicGettersAndSetters" class="App\Tests\Entity\JournalTest" classname="App.Tests.Entity.JournalTest" file="/opt/me/report/tests/Entity/JournalTest.php" line="22" assertions="3" time="0.000384"/>
        <testcase name="testAddChartOfAccount" class="App\Tests\Entity\JournalTest" classname="App.Tests.Entity.JournalTest" file="/opt/me/report/tests/Entity/JournalTest.php" line="43" assertions="1" time="0.000480"/>
        <testcase name="testAddJournalEntry" class="App\Tests\Entity\JournalTest" classname="App.Tests.Entity.JournalTest" file="/opt/me/report/tests/Entity/JournalTest.php" line="53" assertions="2" time="0.000511"/>
        <testcase name="testRemoveJournalEntry" class="App\Tests\Entity\JournalTest" classname="App.Tests.Entity.JournalTest" file="/opt/me/report/tests/Entity/JournalTest.php" line="64" assertions="5" time="0.000676"/>
        <testcase name="testSetOrganization" class="App\Tests\Entity\JournalTest" classname="App.Tests.Entity.JournalTest" file="/opt/me/report/tests/Entity/JournalTest.php" line="81" assertions="1" time="0.000456"/>
      </testsuite>
      <testsuite name="App\Tests\Entity\OrganizationTest" file="/opt/me/report/tests/Entity/OrganizationTest.php" tests="8" assertions="18" errors="0" warnings="0" failures="0" skipped="0" time="0.005867">
        <testcase name="testConstructorInitializesCollections" class="App\Tests\Entity\OrganizationTest" classname="App.Tests.Entity.OrganizationTest" file="/opt/me/report/tests/Entity/OrganizationTest.php" line="13" assertions="3" time="0.000480"/>
        <testcase name="testBasicGettersAndSetters" class="App\Tests\Entity\OrganizationTest" classname="App.Tests.Entity.OrganizationTest" file="/opt/me/report/tests/Entity/OrganizationTest.php" line="22" assertions="2" time="0.000311"/>
        <testcase name="testAddChartOfAccount" class="App\Tests\Entity\OrganizationTest" classname="App.Tests.Entity.OrganizationTest" file="/opt/me/report/tests/Entity/OrganizationTest.php" line="33" assertions="3" time="0.000634"/>
        <testcase name="testRemoveChartOfAccount" class="App\Tests\Entity\OrganizationTest" classname="App.Tests.Entity.OrganizationTest" file="/opt/me/report/tests/Entity/OrganizationTest.php" line="48" assertions="4" time="0.001154"/>
        <testcase name="testAddUserFunctions" class="App\Tests\Entity\OrganizationTest" classname="App.Tests.Entity.OrganizationTest" file="/opt/me/report/tests/Entity/OrganizationTest.php" line="69" assertions="1" time="0.001752"/>
        <testcase name="testRemoveUserFunctions" class="App\Tests\Entity\OrganizationTest" classname="App.Tests.Entity.OrganizationTest" file="/opt/me/report/tests/Entity/OrganizationTest.php" line="78" assertions="2" time="0.000588"/>
        <testcase name="testAddJournal" class="App\Tests\Entity\OrganizationTest" classname="App.Tests.Entity.OrganizationTest" file="/opt/me/report/tests/Entity/OrganizationTest.php" line="90" assertions="1" time="0.000512"/>
        <testcase name="testRemoveJournal" class="App\Tests\Entity\OrganizationTest" classname="App.Tests.Entity.OrganizationTest" file="/opt/me/report/tests/Entity/OrganizationTest.php" line="99" assertions="2" time="0.000437"/>
      </testsuite>
      <testsuite name="App\Tests\Entity\UserTest" file="/opt/me/report/tests/Entity/UserTest.php" tests="2" assertions="7" errors="0" warnings="0" failures="0" skipped="0" time="0.000894">
        <testcase name="testBasicGettersAndSetters" class="App\Tests\Entity\UserTest" classname="App.Tests.Entity.UserTest" file="/opt/me/report/tests/Entity/UserTest.php" line="11" assertions="5" time="0.000377"/>
        <testcase name="testOrganization" class="App\Tests\Entity\UserTest" classname="App.Tests.Entity.UserTest" file="/opt/me/report/tests/Entity/UserTest.php" line="32" assertions="2" time="0.000517"/>
      </testsuite>
      <testsuite name="App\Tests\Form\FormTest" file="/opt/me/report/tests/Form/FormTest.php" tests="2" assertions="9" errors="0" warnings="0" failures="0" skipped="0" time="0.016350">
        <testcase name="testCurrencyTypeSubmitValidData" class="App\Tests\Form\FormTest" classname="App.Tests.Form.FormTest" file="/opt/me/report/tests/Form/FormTest.php" line="11" assertions="5" time="0.014723"/>
        <testcase name="testCurrencyTypeFormHasExpectedFields" class="App\Tests\Form\FormTest" classname="App.Tests.Form.FormTest" file="/opt/me/report/tests/Form/FormTest.php" line="32" assertions="4" time="0.001627"/>
      </testsuite>
      <testsuite name="App\Model\BankPlayerTest" file="/opt/me/report/tests/Model/BankPlayerTest.php" tests="6" assertions="6" errors="0" warnings="0" failures="0" skipped="0" time="0.005061">
        <testcase name="testCreateBankPlayerWithNoArguments" class="App\Model\BankPlayerTest" classname="App.Model.BankPlayerTest" file="/opt/me/report/tests/Model/BankPlayerTest.php" line="16" assertions="1" time="0.002835"/>
        <testcase name="testGetName" class="App\Model\BankPlayerTest" classname="App.Model.BankPlayerTest" file="/opt/me/report/tests/Model/BankPlayerTest.php" line="26" assertions="1" time="0.000389"/>
        <testcase name="testGetBalance" class="App\Model\BankPlayerTest" classname="App.Model.BankPlayerTest" file="/opt/me/report/tests/Model/BankPlayerTest.php" line="38" assertions="1" time="0.000291"/>
        <testcase name="testMakeMoveHit" class="App\Model\BankPlayerTest" classname="App.Model.BankPlayerTest" file="/opt/me/report/tests/Model/BankPlayerTest.php" line="50" assertions="1" time="0.000292"/>
        <testcase name="testMakeMoveStand" class="App\Model\BankPlayerTest" classname="App.Model.BankPlayerTest" file="/opt/me/report/tests/Model/BankPlayerTest.php" line="64" assertions="1" time="0.000946"/>
        <testcase name="testMakeMoveStandFor22" class="App\Model\BankPlayerTest" classname="App.Model.BankPlayerTest" file="/opt/me/report/tests/Model/BankPlayerTest.php" line="79" assertions="1" time="0.000308"/>
      </testsuite>
      <testsuite name="App\Model\BetManagerTest" file="/opt/me/report/tests/Model/BetManagerTest.php" tests="5" assertions="5" errors="0" warnings="0" failures="0" skipped="0" time="0.002648">
        <testcase name="testCreateBetManagerWithNoArguments" class="App\Model\BetManagerTest" classname="App.Model.BetManagerTest" file="/opt/me/report/tests/Model/BetManagerTest.php" line="17" assertions="1" time="0.000989"/>
        <testcase name="testGetPot" class="App\Model\BetManagerTest" classname="App.Model.BetManagerTest" file="/opt/me/report/tests/Model/BetManagerTest.php" line="27" assertions="1" time="0.000312"/>
        <testcase name="testHasPot" class="App\Model\BetManagerTest" classname="App.Model.BetManagerTest" file="/opt/me/report/tests/Model/BetManagerTest.php" line="39" assertions="1" time="0.000299"/>
        <testcase name="testPayoutEmptyPot" class="App\Model\BetManagerTest" classname="App.Model.BetManagerTest" file="/opt/me/report/tests/Model/BetManagerTest.php" line="50" assertions="1" time="0.000614"/>
        <testcase name="testSetPot" class="App\Model\BetManagerTest" classname="App.Model.BetManagerTest" file="/opt/me/report/tests/Model/BetManagerTest.php" line="66" assertions="1" time="0.000434"/>
      </testsuite>
      <testsuite name="App\Model\CardTest" file="/opt/me/report/tests/Model/CardTest.php" tests="6" assertions="6" errors="0" warnings="0" failures="0" skipped="0" time="0.001964">
        <testcase name="testCreateCard" class="App\Model\CardTest" classname="App.Model.CardTest" file="/opt/me/report/tests/Model/CardTest.php" line="17" assertions="1" time="0.000321"/>
        <testcase name="testGetCard" class="App\Model\CardTest" classname="App.Model.CardTest" file="/opt/me/report/tests/Model/CardTest.php" line="27" assertions="1" time="0.000291"/>
        <testcase name="testGetValue" class="App\Model\CardTest" classname="App.Model.CardTest" file="/opt/me/report/tests/Model/CardTest.php" line="39" assertions="1" time="0.000305"/>
        <testcase name="testGetAlternativeValue" class="App\Model\CardTest" classname="App.Model.CardTest" file="/opt/me/report/tests/Model/CardTest.php" line="51" assertions="1" time="0.000450"/>
        <testcase name="testGetSuit" class="App\Model\CardTest" classname="App.Model.CardTest" file="/opt/me/report/tests/Model/CardTest.php" line="63" assertions="1" time="0.000314"/>
        <testcase name="testGetUnicodeRepresentation" class="App\Model\CardTest" classname="App.Model.CardTest" file="/opt/me/report/tests/Model/CardTest.php" line="76" assertions="1" time="0.000283"/>
      </testsuite>
      <testsuite name="App\Model\FrenchSuitedDeckTest" file="/opt/me/report/tests/Model/DeckOfCardTest.php" tests="7" assertions="23" errors="0" warnings="0" failures="0" skipped="0" time="0.008298">
        <testcase name="testCreateDeckOfCards" class="App\Model\FrenchSuitedDeckTest" classname="App.Model.FrenchSuitedDeckTest" file="/opt/me/report/tests/Model/DeckOfCardTest.php" line="19" assertions="1" time="0.001680"/>
        <testcase name="testCreate" class="App\Model\FrenchSuitedDeckTest" classname="App.Model.FrenchSuitedDeckTest" file="/opt/me/report/tests/Model/DeckOfCardTest.php" line="30" assertions="1" time="0.000483"/>
        <testcase name="testAttach" class="App\Model\FrenchSuitedDeckTest" classname="App.Model.FrenchSuitedDeckTest" file="/opt/me/report/tests/Model/DeckOfCardTest.php" line="52" assertions="2" time="0.000494"/>
        <testcase name="testSort" class="App\Model\FrenchSuitedDeckTest" classname="App.Model.FrenchSuitedDeckTest" file="/opt/me/report/tests/Model/DeckOfCardTest.php" line="67" assertions="7" time="0.001706"/>
        <testcase name="testSortBySuit" class="App\Model\FrenchSuitedDeckTest" classname="App.Model.FrenchSuitedDeckTest" file="/opt/me/report/tests/Model/DeckOfCardTest.php" line="88" assertions="5" time="0.001297"/>
        <testcase name="testSortByValue" class="App\Model\FrenchSuitedDeckTest" classname="App.Model.FrenchSuitedDeckTest" file="/opt/me/report/tests/Model/DeckOfCardTest.php" line="107" assertions="4" time="0.001318"/>
        <testcase name="testSortBySuitAndValue" class="App\Model\FrenchSuitedDeckTest" classname="App.Model.FrenchSuitedDeckTest" file="/opt/me/report/tests/Model/DeckOfCardTest.php" line="132" assertions="3" time="0.001320"/>
      </testsuite>
      <testsuite name="App\Model\DetermineWinnerTest" file="/opt/me/report/tests/Model/DetermineWinnerTest.php" tests="5" assertions="5" errors="0" warnings="0" failures="0" skipped="0" time="0.002520">
        <testcase name="testCreate" class="App\Model\DetermineWinnerTest" classname="App.Model.DetermineWinnerTest" file="/opt/me/report/tests/Model/DetermineWinnerTest.php" line="17" assertions="1" time="0.001158"/>
        <testcase name="testDetermineWinner" class="App\Model\DetermineWinnerTest" classname="App.Model.DetermineWinnerTest" file="/opt/me/report/tests/Model/DetermineWinnerTest.php" line="27" assertions="1" time="0.000406"/>
        <testcase name="testDetermineWinnerNull" class="App\Model\DetermineWinnerTest" classname="App.Model.DetermineWinnerTest" file="/opt/me/report/tests/Model/DetermineWinnerTest.php" line="45" assertions="1" time="0.000339"/>
        <testcase name="testGetWinnerBankBusted" class="App\Model\DetermineWinnerTest" classname="App.Model.DetermineWinnerTest" file="/opt/me/report/tests/Model/DetermineWinnerTest.php" line="61" assertions="1" time="0.000310"/>
        <testcase name="testIsBusted" class="App\Model\DetermineWinnerTest" classname="App.Model.DetermineWinnerTest" file="/opt/me/report/tests/Model/DetermineWinnerTest.php" line="76" assertions="1" time="0.000307"/>
      </testsuite>
      <testsuite name="App\Model\GameTest" file="/opt/me/report/tests/Model/GameTest.php" tests="9" assertions="11" errors="0" warnings="0" failures="0" skipped="0" time="0.006332">
        <testcase name="testCreate" class="App\Model\GameTest" classname="App.Model.GameTest" file="/opt/me/report/tests/Model/GameTest.php" line="18" assertions="1" time="0.001474"/>
        <testcase name="testCreateFromSavedState" class="App\Model\GameTest" classname="App.Model.GameTest" file="/opt/me/report/tests/Model/GameTest.php" line="28" assertions="1" time="0.000632"/>
        <testcase name="testPlayRoundInvalidInput" class="App\Model\GameTest" classname="App.Model.GameTest" file="/opt/me/report/tests/Model/GameTest.php" line="45" assertions="1" time="0.000870"/>
        <testcase name="testPlayRoundRestart" class="App\Model\GameTest" classname="App.Model.GameTest" file="/opt/me/report/tests/Model/GameTest.php" line="56" assertions="2" time="0.000677"/>
        <testcase name="testPlayRoundWinner" class="App\Model\GameTest" classname="App.Model.GameTest" file="/opt/me/report/tests/Model/GameTest.php" line="83" assertions="1" time="0.000726"/>
        <testcase name="testGetWinnerBasedOnHand" class="App\Model\GameTest" classname="App.Model.GameTest" file="/opt/me/report/tests/Model/GameTest.php" line="108" assertions="1" time="0.000597"/>
        <testcase name="testAttachAndDetach" class="App\Model\GameTest" classname="App.Model.GameTest" file="/opt/me/report/tests/Model/GameTest.php" line="135" assertions="2" time="0.000464"/>
        <testcase name="testGetPlayers" class="App\Model\GameTest" classname="App.Model.GameTest" file="/opt/me/report/tests/Model/GameTest.php" line="158" assertions="1" time="0.000452"/>
        <testcase name="testGetCurrentPlayer" class="App\Model\GameTest" classname="App.Model.GameTest" file="/opt/me/report/tests/Model/GameTest.php" line="177" assertions="1" time="0.000440"/>
      </testsuite>
      <testsuite name="App\Model\GraphicCardTest" file="/opt/me/report/tests/Model/GraphicCardTest.php" tests="2" assertions="2" errors="0" warnings="0" failures="0" skipped="0" time="0.001234">
        <testcase name="testCreateCard" class="App\Model\GraphicCardTest" classname="App.Model.GraphicCardTest" file="/opt/me/report/tests/Model/GraphicCardTest.php" line="16" assertions="1" time="0.000914"/>
        <testcase name="testGetCard" class="App\Model\GraphicCardTest" classname="App.Model.GraphicCardTest" file="/opt/me/report/tests/Model/GraphicCardTest.php" line="26" assertions="1" time="0.000320"/>
      </testsuite>
      <testsuite name="App\Tests\Repository\BasicRepositoryTest" file="/opt/me/report/tests/Repository/BasicRepositoryTest.php" tests="5" assertions="9" errors="0" warnings="0" failures="0" skipped="0" time="0.025869">
        <testcase name="testRepositoryReturnsCorrectEntity" class="App\Tests\Repository\BasicRepositoryTest" classname="App.Tests.Repository.BasicRepositoryTest" file="/opt/me/report/tests/Repository/BasicRepositoryTest.php" line="42" assertions="3" time="0.006878"/>
        <testcase name="testFindStandardCharts" class="App\Tests\Repository\BasicRepositoryTest" classname="App.Tests.Repository.BasicRepositoryTest" file="/opt/me/report/tests/Repository/BasicRepositoryTest.php" line="49" assertions="2" time="0.004603"/>
        <testcase name="testFindByVersion" class="App\Tests\Repository\BasicRepositoryTest" classname="App.Tests.Repository.BasicRepositoryTest" file="/opt/me/report/tests/Repository/BasicRepositoryTest.php" line="57" assertions="2" time="0.004416"/>
        <testcase name="testUpgradePasswordUpdatesUserPassword" class="App\Tests\Repository\BasicRepositoryTest" classname="App.Tests.Repository.BasicRepositoryTest" file="/opt/me/report/tests/Repository/BasicRepositoryTest.php" line="65" assertions="1" time="0.005090"/>
        <testcase name="testUpgradePasswordThrowsExceptionForNonUserInstance" class="App\Tests\Repository\BasicRepositoryTest" classname="App.Tests.Repository.BasicRepositoryTest" file="/opt/me/report/tests/Repository/BasicRepositoryTest.php" line="73" assertions="1" time="0.004882"/>
      </testsuite>
      <testsuite name="App\Tests\Repository\OrganizationRepositoryTest" file="/opt/me/report/tests/Repository/OrganizationRepositoryTest.php" tests="3" assertions="7" errors="0" warnings="0" failures="0" skipped="0" time="0.017266">
        <testcase name="testFindByUserReturnsUserOrganizations" class="App\Tests\Repository\OrganizationRepositoryTest" classname="App.Tests.Repository.OrganizationRepositoryTest" file="/opt/me/report/tests/Repository/OrganizationRepositoryTest.php" line="21" assertions="4" time="0.008110"/>
        <testcase name="testFindByUserReturnsEmptyArrayWhenNoOrganizations" class="App\Tests\Repository\OrganizationRepositoryTest" classname="App.Tests.Repository.OrganizationRepositoryTest" file="/opt/me/report/tests/Repository/OrganizationRepositoryTest.php" line="40" assertions="2" time="0.006225"/>
        <testcase name="testFindReturnsNullForNonExistentOrganization" class="App\Tests\Repository\OrganizationRepositoryTest" classname="App.Tests.Repository.OrganizationRepositoryTest" file="/opt/me/report/tests/Repository/OrganizationRepositoryTest.php" line="50" assertions="1" time="0.002931"/>
      </testsuite>
      <testsuite name="App\Tests\Service\AccountLedgerServiceTest" file="/opt/me/report/tests/Service/AccountLedgerServiceTest.php" tests="4" assertions="88" errors="0" warnings="0" failures="0" skipped="0" time="0.108298">
        <testcase name="testLedgerReturnsAccountsWithEntriesAndSummary" class="App\Tests\Service\AccountLedgerServiceTest" classname="App.Tests.Service.AccountLedgerServiceTest" file="/opt/me/report/tests/Service/AccountLedgerServiceTest.php" line="34" assertions="78" time="0.037019"/>
        <testcase name="testLedgerGroupsLineItemsByAccount" class="App\Tests\Service\AccountLedgerServiceTest" classname="App.Tests.Service.AccountLedgerServiceTest" file="/opt/me/report/tests/Service/AccountLedgerServiceTest.php" line="56" assertions="1" time="0.024622"/>
        <testcase name="testLedgerIsSortedByAccount" class="App\Tests\Service\AccountLedgerServiceTest" classname="App.Tests.Service.AccountLedgerServiceTest" file="/opt/me/report/tests/Service/AccountLedgerServiceTest.php" line="73" assertions="1" time="0.025869"/>
        <testcase name="testLedgerGroupLineItemsIsSortedByDate" class="App\Tests\Service\AccountLedgerServiceTest" classname="App.Tests.Service.AccountLedgerServiceTest" file="/opt/me/report/tests/Service/AccountLedgerServiceTest.php" line="85" assertions="8" time="0.020788"/>
      </testsuite>
      <testsuite name="App\Tests\Service\FinancialReportServiceTest" file="/opt/me/report/tests/Service/FinancialReportServiceTest.php" tests="3" assertions="23" errors="0" warnings="0" failures="0" skipped="0" time="0.101999">
        <testcase name="testIncomeStatementCalculatesNetIncome" class="App\Tests\Service\FinancialReportServiceTest" classname="App.Tests.Service.FinancialReportServiceTest" file="/opt/me/report/tests/Service/FinancialReportServiceTest.php" line="52" assertions="8" time="0.025913"/>
        <testcase name="testBalanceSheetUnbalanced" class="App\Tests\Service\FinancialReportServiceTest" classname="App.Tests.Service.FinancialReportServiceTest" file="/opt/me/report/tests/Service/FinancialReportServiceTest.php" line="67" assertions="10" time="0.038847"/>
        <testcase name="testBalanceSheetWithAndWithoutClosingEntries" class="App\Tests\Service\FinancialReportServiceTest" classname="App.Tests.Service.FinancialReportServiceTest" file="/opt/me/report/tests/Service/FinancialReportServiceTest.php" line="84" assertions="5" time="0.037239"/>
      </testsuite>
      <testsuite name="App\Tests\Service\YearEndServiceTest" file="/opt/me/report/tests/Service/YearEndServiceTest.php" tests="7" assertions="52" errors="0" warnings="0" failures="0" skipped="0" time="0.239528">
        <testcase name="testClosingEntryWithLossScenarioA" class="App\Tests\Service\YearEndServiceTest" classname="App.Tests.Service.YearEndServiceTest" file="/opt/me/report/tests/Service/YearEndServiceTest.php" line="52" assertions="15" time="0.031135"/>
        <testcase name="testClosingEntryWithLargerLossScenarioB" class="App\Tests\Service\YearEndServiceTest" classname="App.Tests.Service.YearEndServiceTest" file="/opt/me/report/tests/Service/YearEndServiceTest.php" line="97" assertions="3" time="0.030626"/>
        <testcase name="testClosingEntryWithProfitScenarioE" class="App\Tests\Service\YearEndServiceTest" classname="App.Tests.Service.YearEndServiceTest" file="/opt/me/report/tests/Service/YearEndServiceTest.php" line="133" assertions="27" time="0.036139"/>
        <testcase name="testClosingEntryWithOnlyExpenses" class="App\Tests\Service\YearEndServiceTest" classname="App.Tests.Service.YearEndServiceTest" file="/opt/me/report/tests/Service/YearEndServiceTest.php" line="192" assertions="2" time="0.024946"/>
        <testcase name="testClosingDateCannotBeNull" class="App\Tests\Service\YearEndServiceTest" classname="App.Tests.Service.YearEndServiceTest" file="/opt/me/report/tests/Service/YearEndServiceTest.php" line="217" assertions="2" time="0.025347"/>
        <testcase name="testWithoutRetainedEarningsAccount" class="App\Tests\Service\YearEndServiceTest" classname="App.Tests.Service.YearEndServiceTest" file="/opt/me/report/tests/Service/YearEndServiceTest.php" line="236" assertions="2" time="0.027811"/>
        <testcase name="testMultipleClosuresDoNotDoubleCount" class="App\Tests\Service\YearEndServiceTest" classname="App.Tests.Service.YearEndServiceTest" file="/opt/me/report/tests/Service/YearEndServiceTest.php" line="258" assertions="1" time="0.063523"/>
      </testsuite>
      <testsuite name="App\Tests\Validator\BalancedJournalEntryValidatorTest" file="/opt/me/report/tests/Validator/BalancedJournalEntryValidatorTest.php" tests="7" assertions="8" errors="0" warnings="0" failures="0" skipped="0" time="0.019020">
        <testcase name="testBalancedEntryPassesValidation" class="App\Tests\Validator\BalancedJournalEntryValidatorTest" classname="App.Tests.Validator.BalancedJournalEntryValidatorTest" file="/opt/me/report/tests/Validator/BalancedJournalEntryValidatorTest.php" line="24" assertions="1" time="0.005617"/>
        <testcase name="testUnbalancedEntryFailsValidation" class="App\Tests\Validator\BalancedJournalEntryValidatorTest" classname="App.Tests.Validator.BalancedJournalEntryValidatorTest" file="/opt/me/report/tests/Validator/BalancedJournalEntryValidatorTest.php" line="42" assertions="2" time="0.004875"/>
        <testcase name="testEmptyLineItemsPassValidation" class="App\Tests\Validator\BalancedJournalEntryValidatorTest" classname="App.Tests.Validator.BalancedJournalEntryValidatorTest" file="/opt/me/report/tests/Validator/BalancedJournalEntryValidatorTest.php" line="64" assertions="1" time="0.001103"/>
        <testcase name="testNullAmountsAreTreatedAsZero" class="App\Tests\Validator\BalancedJournalEntryValidatorTest" classname="App.Tests.Validator.BalancedJournalEntryValidatorTest" file="/opt/me/report/tests/Validator/BalancedJournalEntryValidatorTest.php" line="74" assertions="1" time="0.001541"/>
        <testcase name="testMultipleLineItemsBalance" class="App\Tests\Validator\BalancedJournalEntryValidatorTest" classname="App.Tests.Validator.BalancedJournalEntryValidatorTest" file="/opt/me/report/tests/Validator/BalancedJournalEntryValidatorTest.php" line="92" assertions="1" time="0.001819"/>
        <testcase name="testExceptions" class="App\Tests\Validator\BalancedJournalEntryValidatorTest" classname="App.Tests.Validator.BalancedJournalEntryValidatorTest" file="/opt/me/report/tests/Validator/BalancedJournalEntryValidatorTest.php" line="114" assertions="1" time="0.001790"/>
        <testcase name="testThrowsExceptionForInvalidConstraintType" class="App\Tests\Validator\BalancedJournalEntryValidatorTest" classname="App.Tests.Validator.BalancedJournalEntryValidatorTest" file="/opt/me/report/tests/Validator/BalancedJournalEntryValidatorTest.php" line="120" assertions="1" time="0.002275"/>
      </testsuite>
      <testsuite name="App\Tests\Validator\ValidLineItemValidatorTest" file="/opt/me/report/tests/Validator/ValidLineItemValidatorTest.php" tests="8" assertions="12" errors="0" warnings="0" failures="0" skipped="0" time="0.011835">
        <testcase name="testValidLineItemWithDebitPassesValidation" class="App\Tests\Validator\ValidLineItemValidatorTest" classname="App.Tests.Validator.ValidLineItemValidatorTest" file="/opt/me/report/tests/Validator/ValidLineItemValidatorTest.php" line="23" assertions="1" time="0.001285"/>
        <testcase name="testValidLineItemWithCreditPassesValidation" class="App\Tests\Validator\ValidLineItemValidatorTest" classname="App.Tests.Validator.ValidLineItemValidatorTest" file="/opt/me/report/tests/Validator/ValidLineItemValidatorTest.php" line="37" assertions="1" time="0.001265"/>
        <testcase name="testMissingAccountFailsValidation" class="App\Tests\Validator\ValidLineItemValidatorTest" classname="App.Tests.Validator.ValidLineItemValidatorTest" file="/opt/me/report/tests/Validator/ValidLineItemValidatorTest.php" line="51" assertions="2" time="0.001767"/>
        <testcase name="testMissingBothAmountsFailsValidation" class="App\Tests\Validator\ValidLineItemValidatorTest" classname="App.Tests.Validator.ValidLineItemValidatorTest" file="/opt/me/report/tests/Validator/ValidLineItemValidatorTest.php" line="66" assertions="2" time="0.001772"/>
        <testcase name="testZeroAmountsFailsValidation" class="App\Tests\Validator\ValidLineItemValidatorTest" classname="App.Tests.Validator.ValidLineItemValidatorTest" file="/opt/me/report/tests/Validator/ValidLineItemValidatorTest.php" line="83" assertions="2" time="0.001783"/>
        <testcase name="testBothDebitAndCreditFailsValidation" class="App\Tests\Validator\ValidLineItemValidatorTest" classname="App.Tests.Validator.ValidLineItemValidatorTest" file="/opt/me/report/tests/Validator/ValidLineItemValidatorTest.php" line="100" assertions="2" time="0.001766"/>
        <testcase name="testThrowsExceptionForInvalidConstraintType" class="App\Tests\Validator\ValidLineItemValidatorTest" classname="App.Tests.Validator.ValidLineItemValidatorTest" file="/opt/me/report/tests/Validator/ValidLineItemValidatorTest.php" line="117" assertions="1" time="0.001169"/>
        <testcase name="testThrowsExceptionForInvalidValueType" class="App\Tests\Validator\ValidLineItemValidatorTest" classname="App.Tests.Validator.ValidLineItemValidatorTest" file="/opt/me/report/tests/Validator/ValidLineItemValidatorTest.php" line="127" assertions="1" time="0.001029"/>
      </testsuite>
      <testsuite name="App\Tests\Validator\WithinFiscalYearValidatorTest" file="/opt/me/report/tests/Validator/WithinFiscalYearValidatorTest.php" tests="10" assertions="10" errors="0" warnings="0" failures="0" skipped="0" time="0.014081">
        <testcase name="testDateWithinFiscalYearPassesValidation" class="App\Tests\Validator\WithinFiscalYearValidatorTest" classname="App.Tests.Validator.WithinFiscalYearValidatorTest" file="/opt/me/report/tests/Validator/WithinFiscalYearValidatorTest.php" line="25" assertions="1" time="0.001605"/>
        <testcase name="testDateBeforeFiscalYearFailsValidation" class="App\Tests\Validator\WithinFiscalYearValidatorTest" classname="App.Tests.Validator.WithinFiscalYearValidatorTest" file="/opt/me/report/tests/Validator/WithinFiscalYearValidatorTest.php" line="40" assertions="1" time="0.001625"/>
        <testcase name="testNoLastDayFailsValidation" class="App\Tests\Validator\WithinFiscalYearValidatorTest" classname="App.Tests.Validator.WithinFiscalYearValidatorTest" file="/opt/me/report/tests/Validator/WithinFiscalYearValidatorTest.php" line="55" assertions="1" time="0.001528"/>
        <testcase name="testDateAfterFiscalYearFailsValidation" class="App\Tests\Validator\WithinFiscalYearValidatorTest" classname="App.Tests.Validator.WithinFiscalYearValidatorTest" file="/opt/me/report/tests/Validator/WithinFiscalYearValidatorTest.php" line="69" assertions="1" time="0.001490"/>
        <testcase name="testFirstDayOfFiscalYearPassesValidation" class="App\Tests\Validator\WithinFiscalYearValidatorTest" classname="App.Tests.Validator.WithinFiscalYearValidatorTest" file="/opt/me/report/tests/Validator/WithinFiscalYearValidatorTest.php" line="84" assertions="1" time="0.001485"/>
        <testcase name="testLastDayOfFiscalYearPassesValidation" class="App\Tests\Validator\WithinFiscalYearValidatorTest" classname="App.Tests.Validator.WithinFiscalYearValidatorTest" file="/opt/me/report/tests/Validator/WithinFiscalYearValidatorTest.php" line="99" assertions="1" time="0.001474"/>
        <testcase name="testNullJournalPassesValidation" class="App\Tests\Validator\WithinFiscalYearValidatorTest" classname="App.Tests.Validator.WithinFiscalYearValidatorTest" file="/opt/me/report/tests/Validator/WithinFiscalYearValidatorTest.php" line="114" assertions="1" time="0.001256"/>
        <testcase name="testNullEntryDatePassesValidation" class="App\Tests\Validator\WithinFiscalYearValidatorTest" classname="App.Tests.Validator.WithinFiscalYearValidatorTest" file="/opt/me/report/tests/Validator/WithinFiscalYearValidatorTest.php" line="124" assertions="1" time="0.001662"/>
        <testcase name="testExceptions" class="App\Tests\Validator\WithinFiscalYearValidatorTest" classname="App.Tests.Validator.WithinFiscalYearValidatorTest" file="/opt/me/report/tests/Validator/WithinFiscalYearValidatorTest.php" line="139" assertions="1" time="0.000886"/>
        <testcase name="testExceptionsAgain" class="App\Tests\Validator\WithinFiscalYearValidatorTest" classname="App.Tests.Validator.WithinFiscalYearValidatorTest" file="/opt/me/report/tests/Validator/WithinFiscalYearValidatorTest.php" line="145" assertions="1" time="0.001069"/>
      </testsuite>
    </testsuite>
  </testsuite>
</testsuites>
